

<!DOCTYPE html>
<html>

<head>
	<meta charset='UTF-8' /> 
	<meta name='description' content='' />
	<meta name='robots' content='noodp, noydir' />
	<meta name='viewport' content='width=device-width, initial-scale=1' />

	<link href='https://fonts.googleapis.com/css?family=Source+Sans+Pro:400,600' rel='stylesheet' type='text/css'>
	<link href="https://fonts.googleapis.com/icon?family=Material+Icons" rel="stylesheet">
	<link href='https://cdn.rawgit.com/anshooarora/extentreports-java/master/dist/css/extent.css' type='text/css' rel='stylesheet' />

	<title>ExtentReports</title>
	
</head>
	<body class='extent dark default hide-overflow '>
		<div id='theme-selector' alt='Click to toggle theme. To enable by default, use theme configuration.' title='Click to toggle theme. To enable by default, use theme configuration.'>
			<span><i class='material-icons'>desktop_windows</i></span>
		</div>

<nav>
	<div class="nav-wrapper">
		<a href="http://extentreports.relevantcodes.com" class="brand-logo blue darken-3">Extent</a>

		<!-- slideout menu -->
		<ul id='slide-out' class='side-nav fixed hide-on-med-and-down'>
			<li class='waves-effect active'><a href='#!' view='test-view' onclick="configureView(0);chartsView('test');"><i class='material-icons'>dashboard</i></a></li>
						<li class='waves-effect'><a href='#!' view='category-view' onclick="configureView(1)"><i class='material-icons'>label_outline</i></a></li>
			<li class='waves-effect'><a href='#!' view='exception-view' onclick="configureView(2)"><i class='material-icons'>bug_report</i></a></li>
			<li class='waves-effect'><a href='#!' onclick="configureView(-1);chartsView('dashboard');" view='dashboard-view'><i class='material-icons'>track_changes</i></i></a></li>
		</ul>

		<!-- report name -->
		<span class='report-name'>Smoke Testing</span>
		
		<!-- report headline -->
		<span class='report-headline'></span>

		<!-- nav-right -->
		<ul id='nav-mobile' class='right hide-on-med-and-down nav-right'>
			<a>
				<span class='suite-start-time'>29 Jul, 2019 1:27:25 PM</span>
			</a>
			<a>
				<span>v3.0.0</span>
			</a>
		</ul>
	</div>
</nav>
		<!-- container -->
		<div class='container'>

<div id='test-view' class='view'>
				
	<section id='controls'>
		<div class='controls grey lighten-4'>
			<!-- test toggle -->
			<div class='chip transparent'>
				<a class='dropdown-button tests-toggle' data-activates='tests-toggle' data-constrainwidth='true' data-beloworigin='true' data-hover='true' href='#'>
					<i class='material-icons'>warning</i> Status
				</a>
				<ul id='tests-toggle' class='dropdown-content'>
					<li status='pass'><a href='#!'>Pass <i class='material-icons green-text'>check_circle</i></a></li>
					<li status='fail'><a href='#!'>Fail <i class='material-icons red-text'>cancel</i></a></li>
					<li status='error'><a href='#!'>Error <i class='material-icons red-text lighten-2'>error</i></a></li>
					<li status='warning'><a href='#!'>Warning <i class='material-icons orange-text'>warning</i></a></li>
					<li status='skip'><a href='#!'>Skip <i class='material-icons cyan-text'>redo</i></a></li>
					<li class='divider'></li>
					<li status='clear' clear='true'><a href='#!'>Clear Filters <i class='material-icons'>clear</i></a></li>
				</ul>
			</div>
			<!-- test toggle -->

			<!-- category toggle -->
						<div class='chip transparent'>
				<a class='dropdown-button category-toggle' data-activates='category-toggle' data-constrainwidth='false' data-beloworigin='true' data-hover='true' href='#'>
					<i class='material-icons'>local_offer</i> Category
				</a>
				<ul id='category-toggle' class='dropdown-content'>
					<li><a href='#'>Login</a></li>
					<li><a href='#'>Dashboard</a></li>
					<li><a href='#'>NewAccession</a></li>
					<li><a href='#'>MolecularWorkflow</a></li>
					<li><a href='#'>NGSWorkflow</a></li>
					<li><a href='#'>NRASWorkflow</a></li>
					<li><a href='#'>BRAFWorkflow</a></li>
					<li><a href='#'>KRASWorkflow</a></li>
					<li class='divider'></li>
					<li class='clear'><a href='#!' clear='true'>Clear Filters</a></li>
				</ul>
			</div>
			<!-- category toggle -->

			<!-- clear filters -->
			<div class='chip transparent hide'>
				<a class='' id='clear-filters' alt='Clear Filters' title='Clear Filters'>
					<i class='material-icons'>close</i> Clear
				</a>
			</div>
			<!-- clear filters -->

			<!-- enable dashboard -->
			<div id='toggle-test-view-charts' class='chip transparent'>
				<a class='pink-text' id='enable-dashboard' alt='Enable Dashboard' title='Enable Dashboard'>
					<i class='material-icons'>track_changes</i> Dashboard
				</a>
			</div>
			<!-- enable dashboard -->

			<!-- search -->
			<div class='chip transparent' alt='Search Tests' title='Search Tests'>
				<a href="#" class='search-div'>
					<i class='material-icons'>search</i> Search
				</a>

				<div class='input-field left hide'>
					<input id='search-tests' type='text' class='validate browser-default' placeholder='Search Tests...'>
				</div>
				
			</div>
			<!-- search -->
		</div>
	</section>


<div id='test-view-charts' class='subview-full'>
	<div id='charts-row' class='row nm-v nm-h'>
		<div class='col s12 m6 l6 np-h'>
			<div class='card-panel nm-v'>
				<div class='left panel-name'>Tests</div>
				<div class='chart-box'>
					<canvas id='parent-analysis' width='100' height='80'></canvas>
				</div>
				<div class='block text-small'>
					<span><span class='strong'>27</span> test(s) passed</span>
				</div>
				<div class='block text-small'>
					<span class='strong'>1</span> test(s) failed, <span class='strong'>0</span> others
				</div>
			</div>
		</div>
		
		<div class='col s12 m6 l6 np-h'>
			<div class='card-panel nm-v'>
				<div class='left panel-name'>Steps</div>
				<div class='chart-box'>
					<canvas id='child-analysis' width='100' height='80'></canvas>
				</div>
				<div class='block text-small'>
					<span><span class='strong'>27</span> step(s) passed</span>
				</div>
				<div class='block text-small'>
					<span class='strong'>3</span> step(s) failed, <span class='strong'>0</span> others
				</div>
			</div>
		</div>
		
	</div>
</div>

	<div class='subview-left left'>
		
		<div class='view-summary'>
			<h5>Tests</h5>

			<ul id='test-collection' class='test-collection'>
				
				
				<li class='test displayed active  pass' status='pass' bdd='false' test-id='1'>
					<div class='test-heading'>
						<span class='test-name'>Verify user is able to login in LIMS portal</span>
						<span class='test-time'>29 Jul, 2019 1:27:30 PM</span>
						<span class='test-status right pass'>pass</span>
					</div>
					<div class='test-content hide'>
<div class='test-time-info'>
	<span class='label start-time'>29 Jul, 2019 1:27:30 PM</span>
	<span class='label end-time'>29 Jul, 2019 1:34:49 PM</span>
	<span class='label time-taken grey lighten-1 white-text'>0h 7m 19s+120ms</span>
</div>
	<div class='test-desc'>User should be able to login in LIMS portal with valid credentials. </div>
	<div class='test-attributes'>
			<div class='category-list'>
				<span class='category label white-text'>Login</span>
			</div>
	</div>
	<div class='test-steps'>
		<table class='bordered table-results'>
			<thead>
				<tr>
					<th>Status</th>
					<th>Timestamp</th>
					<th>Details</th>
				</tr>
			</thead>
			<tbody>
				<tr class='log' status='pass'>
					<td class='status pass' title='pass' alt='pass'><i class='material-icons'>check_circle</i></td>
					<td class='timestamp'>1:27:41 PM</td>
					<td class='step-details'><span class='label white-text green'>LIMSLogin Test Case PASSED</span></td>
				</tr>
			</tbody>
		</table>
	</div>
					</div>
				</li>
				
				
				<li class='test displayed active  pass' status='pass' bdd='false' test-id='2'>
					<div class='test-heading'>
						<span class='test-name'>Verify the total link count on dashboard</span>
						<span class='test-time'>29 Jul, 2019 1:27:41 PM</span>
						<span class='test-status right pass'>pass</span>
					</div>
					<div class='test-content hide'>
<div class='test-time-info'>
	<span class='label start-time'>29 Jul, 2019 1:27:41 PM</span>
	<span class='label end-time'>29 Jul, 2019 1:34:49 PM</span>
	<span class='label time-taken grey lighten-1 white-text'>0h 7m 8s+78ms</span>
</div>
	<div class='test-desc'>Total link in LIMS dashboard should be 6. </div>
	<div class='test-attributes'>
			<div class='category-list'>
				<span class='category label white-text'>Dashboard</span>
			</div>
	</div>
	<div class='test-steps'>
		<table class='bordered table-results'>
			<thead>
				<tr>
					<th>Status</th>
					<th>Timestamp</th>
					<th>Details</th>
				</tr>
			</thead>
			<tbody>
				<tr class='log' status='pass'>
					<td class='status pass' title='pass' alt='pass'><i class='material-icons'>check_circle</i></td>
					<td class='timestamp'>1:27:41 PM</td>
					<td class='step-details'><span class='label white-text green'>dashboard Test Case PASSED</span></td>
				</tr>
			</tbody>
		</table>
	</div>
					</div>
				</li>
				
				
				<li class='test displayed active  fail' status='fail' bdd='false' test-id='3'>
					<div class='test-heading'>
						<span class='test-name'>Verify user is able to create a new accession for CTC-FISH</span>
						<span class='test-time'>29 Jul, 2019 1:27:41 PM</span>
						<span class='test-status right fail'>fail</span>
					</div>
					<div class='test-content hide'>
<div class='test-time-info'>
	<span class='label start-time'>29 Jul, 2019 1:27:41 PM</span>
	<span class='label end-time'>29 Jul, 2019 1:34:49 PM</span>
	<span class='label time-taken grey lighten-1 white-text'>0h 7m 7s+909ms</span>
</div>
	<div class='test-desc'>User should be able to create a acession with CTC-FISH test. </div>
	<div class='test-attributes'>
			<div class='category-list'>
				<span class='category label white-text'>NewAccession</span>
			</div>
	</div>
	<div class='test-steps'>
		<table class='bordered table-results'>
			<thead>
				<tr>
					<th>Status</th>
					<th>Timestamp</th>
					<th>Details</th>
				</tr>
			</thead>
			<tbody>
				<tr class='log' status='fail'>
					<td class='status fail' title='fail' alt='fail'><i class='material-icons'>cancel</i></td>
					<td class='timestamp'>1:28:00 PM</td>
					<td class='step-details'><span class='label white-text red'>PlaceNewOrder Test case FAILED due to below issues:</span></td>
				</tr>
				<tr class='log' status='fail'>
					<td class='status fail' title='fail' alt='fail'><i class='material-icons'>cancel</i></td>
					<td class='timestamp'>1:28:00 PM</td>
					<td class='step-details'>org.openqa.selenium.ElementNotInteractableException: element not interactable
  (Session info: chrome=75.0.3770.142)
  (Driver info: chromedriver=74.0.3729.6 (255758eccf3d244491b8a1317aa76e1ce10d57e9-refs/branch-heads/3729@{#29}),platform=Windows NT 10.0.16299 x86_64) (WARNING: The server did not provide any stacktrace information)
Command duration or timeout: 0 milliseconds
Build info: version: '3.141.59', revision: 'e82be7d358', time: '2018-11-14T08:25:48'
System info: host: 'ANMOLSINGH', ip: '10.60.1.128', os.name: 'Windows 10', os.arch: 'amd64', os.version: '10.0', java.version: '1.8.0_161'
Driver info: org.openqa.selenium.chrome.ChromeDriver
Capabilities {acceptInsecureCerts: false, acceptSslCerts: false, applicationCacheEnabled: false, browserConnectionEnabled: false, browserName: chrome, chrome: {chromedriverVersion: 74.0.3729.6 (255758eccf3d24..., userDataDir: C:\Users\ANMOL~1.SIN\AppDat...}, cssSelectorsEnabled: true, databaseEnabled: false, goog:chromeOptions: {debuggerAddress: localhost:52948}, handlesAlerts: true, hasTouchScreen: false, javascriptEnabled: true, locationContextEnabled: true, mobileEmulationEnabled: false, nativeEvents: true, networkConnectionEnabled: false, pageLoadStrategy: normal, platform: XP, platformName: XP, proxy: Proxy(), rotatable: false, setWindowRect: true, strictFileInteractability: false, takesHeapSnapshot: true, takesScreenshot: true, timeouts: {implicit: 0, pageLoad: 300000, script: 30000}, unexpectedAlertBehaviour: ignore, unhandledPromptBehavior: ignore, version: 75.0.3770.142, webStorageEnabled: true}
Session ID: 9fac6948daf907aa2e7fec51006cc3e8
	at sun.reflect.NativeConstructorAccessorImpl.newInstance0(Native Method)
	at sun.reflect.NativeConstructorAccessorImpl.newInstance(NativeConstructorAccessorImpl.java:62)
	at sun.reflect.DelegatingConstructorAccessorImpl.newInstance(DelegatingConstructorAccessorImpl.java:45)
	at java.lang.reflect.Constructor.newInstance(Constructor.java:423)
	at org.openqa.selenium.remote.ErrorHandler.createThrowable(ErrorHandler.java:214)
	at org.openqa.selenium.remote.ErrorHandler.throwIfResponseFailed(ErrorHandler.java:166)
	at org.openqa.selenium.remote.http.JsonHttpResponseCodec.reconstructValue(JsonHttpResponseCodec.java:40)
	at org.openqa.selenium.remote.http.AbstractHttpResponseCodec.decode(AbstractHttpResponseCodec.java:80)
	at org.openqa.selenium.remote.http.AbstractHttpResponseCodec.decode(AbstractHttpResponseCodec.java:44)
	at org.openqa.selenium.remote.HttpCommandExecutor.execute(HttpCommandExecutor.java:158)
	at org.openqa.selenium.remote.service.DriverCommandExecutor.execute(DriverCommandExecutor.java:83)
	at org.openqa.selenium.remote.RemoteWebDriver.execute(RemoteWebDriver.java:552)
	at org.openqa.selenium.remote.RemoteWebElement.execute(RemoteWebElement.java:285)
	at org.openqa.selenium.remote.RemoteWebElement.sendKeys(RemoteWebElement.java:106)
	at sun.reflect.NativeMethodAccessorImpl.invoke0(Native Method)
	at sun.reflect.NativeMethodAccessorImpl.invoke(NativeMethodAccessorImpl.java:62)
	at sun.reflect.DelegatingMethodAccessorImpl.invoke(DelegatingMethodAccessorImpl.java:43)
	at java.lang.reflect.Method.invoke(Method.java:498)
	at org.openqa.selenium.support.pagefactory.internal.LocatingElementHandler.invoke(LocatingElementHandler.java:51)
	at com.sun.proxy.$Proxy13.sendKeys(Unknown Source)
	at biocept.qa.pages.Accession.addLabClientPhysicianInfor(Accession.java:177)
	at biocept.qa.testcases.CTC_FISHWorklow.PlaceNewOrder(CTC_FISHWorklow.java:129)
	at sun.reflect.NativeMethodAccessorImpl.invoke0(Native Method)
	at sun.reflect.NativeMethodAccessorImpl.invoke(NativeMethodAccessorImpl.java:62)
	at sun.reflect.DelegatingMethodAccessorImpl.invoke(DelegatingMethodAccessorImpl.java:43)
	at java.lang.reflect.Method.invoke(Method.java:498)
	at org.testng.internal.MethodInvocationHelper.invokeMethod(MethodInvocationHelper.java:85)
	at org.testng.internal.Invoker.invokeMethod(Invoker.java:639)
	at org.testng.internal.Invoker.invokeTestMethod(Invoker.java:816)
	at org.testng.internal.Invoker.invokeTestMethods(Invoker.java:1124)
	at org.testng.internal.TestMethodWorker.invokeTestMethods(TestMethodWorker.java:125)
	at org.testng.internal.TestMethodWorker.run(TestMethodWorker.java:108)
	at org.testng.TestRunner.privateRun(TestRunner.java:774)
	at org.testng.TestRunner.run(TestRunner.java:624)
	at org.testng.SuiteRunner.runTest(SuiteRunner.java:359)
	at org.testng.SuiteRunner.runSequentially(SuiteRunner.java:354)
	at org.testng.SuiteRunner.privateRun(SuiteRunner.java:312)
	at org.testng.SuiteRunner.run(SuiteRunner.java:261)
	at org.testng.SuiteRunnerWorker.runSuite(SuiteRunnerWorker.java:52)
	at org.testng.SuiteRunnerWorker.run(SuiteRunnerWorker.java:86)
	at org.testng.TestNG.runSuitesSequentially(TestNG.java:1191)
	at org.testng.TestNG.runSuitesLocally(TestNG.java:1116)
	at org.testng.TestNG.run(TestNG.java:1024)
	at org.testng.remote.AbstractRemoteTestNG.run(AbstractRemoteTestNG.java:126)
	at org.testng.remote.RemoteTestNG.initAndRun(RemoteTestNG.java:137)
	at org.testng.remote.RemoteTestNG.main(RemoteTestNG.java:58)</td>
				</tr>
				<tr class='log' status='fail'>
					<td class='status fail' title='fail' alt='fail'><i class='material-icons'>cancel</i></td>
					<td class='timestamp'>1:28:00 PM</td>
					<td class='step-details'>Snapshot below: com.aventstack.extentreports.ExtentTest@51e8e6e6</td>
				</tr>
			</tbody>
		</table>
	</div>
							<ul class='screenshots'>
								<li><img data-featherlight='E:\B_scripts\Biocept\Screenshots\PlaceNewOrder.png' width='25%' src='E:\B_scripts\Biocept\Screenshots\PlaceNewOrder.png'></li>
							</ul>
					</div>
				</li>
				
				
				<li class='test displayed active  pass' status='pass' bdd='false' test-id='4'>
					<div class='test-heading'>
						<span class='test-name'>Verify user is able to create a new accession for Molecular Test</span>
						<span class='test-time'>29 Jul, 2019 1:28:02 PM</span>
						<span class='test-status right pass'>pass</span>
					</div>
					<div class='test-content hide'>
<div class='test-time-info'>
	<span class='label start-time'>29 Jul, 2019 1:28:02 PM</span>
	<span class='label end-time'>29 Jul, 2019 1:34:49 PM</span>
	<span class='label time-taken grey lighten-1 white-text'>0h 6m 47s+487ms</span>
</div>
	<div class='test-desc'>User should be able to create a acession with Molecular Test. </div>
	<div class='test-attributes'>
			<div class='category-list'>
				<span class='category label white-text'>MolecularWorkflow</span>
			</div>
	</div>
	<div class='test-steps'>
		<table class='bordered table-results'>
			<thead>
				<tr>
					<th>Status</th>
					<th>Timestamp</th>
					<th>Details</th>
				</tr>
			</thead>
			<tbody>
				<tr class='log' status='pass'>
					<td class='status pass' title='pass' alt='pass'><i class='material-icons'>check_circle</i></td>
					<td class='timestamp'>1:29:07 PM</td>
					<td class='step-details'><span class='label white-text green'>PlaceNewOrderForMolecular Test Case PASSED</span></td>
				</tr>
			</tbody>
		</table>
	</div>
					</div>
				</li>
				
				
				<li class='test displayed active  pass' status='pass' bdd='false' test-id='5'>
					<div class='test-heading'>
						<span class='test-name'>Verify user is able to open the upload Macro File page</span>
						<span class='test-time'>29 Jul, 2019 1:29:07 PM</span>
						<span class='test-status right pass'>pass</span>
					</div>
					<div class='test-content hide'>
<div class='test-time-info'>
	<span class='label start-time'>29 Jul, 2019 1:29:07 PM</span>
	<span class='label end-time'>29 Jul, 2019 1:34:49 PM</span>
	<span class='label time-taken grey lighten-1 white-text'>0h 5m 42s+484ms</span>
</div>
	<div class='test-desc'>User should be able to open and upload the Macro File for BRAF/KRAS/NRAS and MolEGFR test. </div>
	<div class='test-attributes'>
			<div class='category-list'>
				<span class='category label white-text'>MolecularWorkflow</span>
			</div>
	</div>
	<div class='test-steps'>
		<table class='bordered table-results'>
			<thead>
				<tr>
					<th>Status</th>
					<th>Timestamp</th>
					<th>Details</th>
				</tr>
			</thead>
			<tbody>
				<tr class='log' status='pass'>
					<td class='status pass' title='pass' alt='pass'><i class='material-icons'>check_circle</i></td>
					<td class='timestamp'>1:29:11 PM</td>
					<td class='step-details'><span class='label white-text green'>UploadMacroFile Test Case PASSED</span></td>
				</tr>
			</tbody>
		</table>
	</div>
					</div>
				</li>
				
				
				<li class='test displayed active  pass' status='pass' bdd='false' test-id='6'>
					<div class='test-heading'>
						<span class='test-name'>Verify user is able to open the NGS Professional Interpretation Activity</span>
						<span class='test-time'>29 Jul, 2019 1:29:11 PM</span>
						<span class='test-status right pass'>pass</span>
					</div>
					<div class='test-content hide'>
<div class='test-time-info'>
	<span class='label start-time'>29 Jul, 2019 1:29:11 PM</span>
	<span class='label end-time'>29 Jul, 2019 1:34:49 PM</span>
	<span class='label time-taken grey lighten-1 white-text'>0h 5m 38s+435ms</span>
</div>
	<div class='test-desc'>User should be able to open NGS Professional Interpretation from my worklist. </div>
	<div class='test-attributes'>
			<div class='category-list'>
				<span class='category label white-text'>NGSWorkflow</span>
			</div>
	</div>
	<div class='test-steps'>
		<table class='bordered table-results'>
			<thead>
				<tr>
					<th>Status</th>
					<th>Timestamp</th>
					<th>Details</th>
				</tr>
			</thead>
			<tbody>
				<tr class='log' status='pass'>
					<td class='status pass' title='pass' alt='pass'><i class='material-icons'>check_circle</i></td>
					<td class='timestamp'>1:29:19 PM</td>
					<td class='step-details'><span class='label white-text green'>NGS_PIActivityTitle Test Case PASSED</span></td>
				</tr>
			</tbody>
		</table>
	</div>
					</div>
				</li>
				
				
				<li class='test displayed active  pass' status='pass' bdd='false' test-id='7'>
					<div class='test-heading'>
						<span class='test-name'>Verify user is able to upload the pdf file.</span>
						<span class='test-time'>29 Jul, 2019 1:29:19 PM</span>
						<span class='test-status right pass'>pass</span>
					</div>
					<div class='test-content hide'>
<div class='test-time-info'>
	<span class='label start-time'>29 Jul, 2019 1:29:19 PM</span>
	<span class='label end-time'>29 Jul, 2019 1:34:49 PM</span>
	<span class='label time-taken grey lighten-1 white-text'>0h 5m 29s+923ms</span>
</div>
	<div class='test-desc'>User should be able to upload the pdf file on NGS PI Activity. </div>
	<div class='test-attributes'>
			<div class='category-list'>
				<span class='category label white-text'>NGSWorkflow</span>
			</div>
	</div>
	<div class='test-steps'>
		<table class='bordered table-results'>
			<thead>
				<tr>
					<th>Status</th>
					<th>Timestamp</th>
					<th>Details</th>
				</tr>
			</thead>
			<tbody>
				<tr class='log' status='pass'>
					<td class='status pass' title='pass' alt='pass'><i class='material-icons'>check_circle</i></td>
					<td class='timestamp'>1:29:39 PM</td>
					<td class='step-details'><span class='label white-text green'>UploadNGSFile Test Case PASSED</span></td>
				</tr>
			</tbody>
		</table>
	</div>
					</div>
				</li>
				
				
				<li class='test displayed active  pass' status='pass' bdd='false' test-id='8'>
					<div class='test-heading'>
						<span class='test-name'>Verify user is able to open the NRAS Molecular Generic Resulting Activity</span>
						<span class='test-time'>29 Jul, 2019 1:29:39 PM</span>
						<span class='test-status right pass'>pass</span>
					</div>
					<div class='test-content hide'>
<div class='test-time-info'>
	<span class='label start-time'>29 Jul, 2019 1:29:39 PM</span>
	<span class='label end-time'>29 Jul, 2019 1:34:49 PM</span>
	<span class='label time-taken grey lighten-1 white-text'>0h 5m 10s+191ms</span>
</div>
	<div class='test-desc'>After processing macro file user should be able to open Molecular Generic Resulting for NRAS test. </div>
	<div class='test-attributes'>
			<div class='category-list'>
				<span class='category label white-text'>NRASWorkflow</span>
			</div>
	</div>
	<div class='test-steps'>
		<table class='bordered table-results'>
			<thead>
				<tr>
					<th>Status</th>
					<th>Timestamp</th>
					<th>Details</th>
				</tr>
			</thead>
			<tbody>
				<tr class='log' status='pass'>
					<td class='status pass' title='pass' alt='pass'><i class='material-icons'>check_circle</i></td>
					<td class='timestamp'>1:30:16 PM</td>
					<td class='step-details'><span class='label white-text green'>NRASResultingActivityTitle Test Case PASSED</span></td>
				</tr>
			</tbody>
		</table>
	</div>
					</div>
				</li>
				
				
				<li class='test displayed active  pass' status='pass' bdd='false' test-id='9'>
					<div class='test-heading'>
						<span class='test-name'>Verify user is able to complete the NRAS Molecular Generic Resulting activity</span>
						<span class='test-time'>29 Jul, 2019 1:30:16 PM</span>
						<span class='test-status right pass'>pass</span>
					</div>
					<div class='test-content hide'>
<div class='test-time-info'>
	<span class='label start-time'>29 Jul, 2019 1:30:16 PM</span>
	<span class='label end-time'>29 Jul, 2019 1:34:49 PM</span>
	<span class='label time-taken grey lighten-1 white-text'>0h 4m 33s+99ms</span>
</div>
	<div class='test-desc'>User should be able to complete the NRAS Molecular Generic Resulting using complete button. </div>
	<div class='test-attributes'>
			<div class='category-list'>
				<span class='category label white-text'>NRASWorkflow</span>
			</div>
	</div>
	<div class='test-steps'>
		<table class='bordered table-results'>
			<thead>
				<tr>
					<th>Status</th>
					<th>Timestamp</th>
					<th>Details</th>
				</tr>
			</thead>
			<tbody>
				<tr class='log' status='pass'>
					<td class='status pass' title='pass' alt='pass'><i class='material-icons'>check_circle</i></td>
					<td class='timestamp'>1:30:21 PM</td>
					<td class='step-details'><span class='label white-text green'>NRASResultingUpdateResult Test Case PASSED</span></td>
				</tr>
			</tbody>
		</table>
	</div>
					</div>
				</li>
				
				
				<li class='test displayed active  pass' status='pass' bdd='false' test-id='10'>
					<div class='test-heading'>
						<span class='test-name'>Verify user is able to open NRAS Molecular Professional Interpretation activity</span>
						<span class='test-time'>29 Jul, 2019 1:30:21 PM</span>
						<span class='test-status right pass'>pass</span>
					</div>
					<div class='test-content hide'>
<div class='test-time-info'>
	<span class='label start-time'>29 Jul, 2019 1:30:21 PM</span>
	<span class='label end-time'>29 Jul, 2019 1:34:49 PM</span>
	<span class='label time-taken grey lighten-1 white-text'>0h 4m 28s+465ms</span>
</div>
	<div class='test-desc'>User should be able to open the NRAS Molecular Professional Interpretation activity from My worklist. </div>
	<div class='test-attributes'>
			<div class='category-list'>
				<span class='category label white-text'>NRASWorkflow</span>
			</div>
	</div>
	<div class='test-steps'>
		<table class='bordered table-results'>
			<thead>
				<tr>
					<th>Status</th>
					<th>Timestamp</th>
					<th>Details</th>
				</tr>
			</thead>
			<tbody>
				<tr class='log' status='pass'>
					<td class='status pass' title='pass' alt='pass'><i class='material-icons'>check_circle</i></td>
					<td class='timestamp'>1:30:29 PM</td>
					<td class='step-details'><span class='label white-text green'>NRASPIActivityTitle Test Case PASSED</span></td>
				</tr>
			</tbody>
		</table>
	</div>
					</div>
				</li>
				
				
				<li class='test displayed active  pass' status='pass' bdd='false' test-id='11'>
					<div class='test-heading'>
						<span class='test-name'>Verify user is able to complete the NRAS Molecular Professional Interpretation activit</span>
						<span class='test-time'>29 Jul, 2019 1:30:29 PM</span>
						<span class='test-status right pass'>pass</span>
					</div>
					<div class='test-content hide'>
<div class='test-time-info'>
	<span class='label start-time'>29 Jul, 2019 1:30:29 PM</span>
	<span class='label end-time'>29 Jul, 2019 1:34:49 PM</span>
	<span class='label time-taken grey lighten-1 white-text'>0h 4m 20s+522ms</span>
</div>
	<div class='test-desc'>User should be able to complete the NRAS Molecular Professional Interpretation activity using complete button. </div>
	<div class='test-attributes'>
			<div class='category-list'>
				<span class='category label white-text'>NRASWorkflow</span>
			</div>
	</div>
	<div class='test-steps'>
		<table class='bordered table-results'>
			<thead>
				<tr>
					<th>Status</th>
					<th>Timestamp</th>
					<th>Details</th>
				</tr>
			</thead>
			<tbody>
				<tr class='log' status='pass'>
					<td class='status pass' title='pass' alt='pass'><i class='material-icons'>check_circle</i></td>
					<td class='timestamp'>1:30:36 PM</td>
					<td class='step-details'><span class='label white-text green'>NRASPIActivityResult Test Case PASSED</span></td>
				</tr>
			</tbody>
		</table>
	</div>
					</div>
				</li>
				
				
				<li class='test displayed active  pass' status='pass' bdd='false' test-id='12'>
					<div class='test-heading'>
						<span class='test-name'>Verify user is able to Signoff the NRAS Test Report from Molecular Review & Approve Worklist</span>
						<span class='test-time'>29 Jul, 2019 1:30:36 PM</span>
						<span class='test-status right pass'>pass</span>
					</div>
					<div class='test-content hide'>
<div class='test-time-info'>
	<span class='label start-time'>29 Jul, 2019 1:30:36 PM</span>
	<span class='label end-time'>29 Jul, 2019 1:34:49 PM</span>
	<span class='label time-taken grey lighten-1 white-text'>0h 4m 13s+546ms</span>
</div>
	<div class='test-desc'>After complete PI activity user should be able to Signoff the NRAS Test Report from Molecular Review & Approve Worklist </div>
	<div class='test-attributes'>
			<div class='category-list'>
				<span class='category label white-text'>NRASWorkflow</span>
			</div>
	</div>
	<div class='test-steps'>
		<table class='bordered table-results'>
			<thead>
				<tr>
					<th>Status</th>
					<th>Timestamp</th>
					<th>Details</th>
				</tr>
			</thead>
			<tbody>
				<tr class='log' status='pass'>
					<td class='status pass' title='pass' alt='pass'><i class='material-icons'>check_circle</i></td>
					<td class='timestamp'>1:30:52 PM</td>
					<td class='step-details'><span class='label white-text green'>NRASReportSignoff Test Case PASSED</span></td>
				</tr>
			</tbody>
		</table>
	</div>
					</div>
				</li>
				
				
				<li class='test displayed active  pass' status='pass' bdd='false' test-id='13'>
					<div class='test-heading'>
						<span class='test-name'>Verify user is able to open the BRAF Molecular Generic Resulting Activity</span>
						<span class='test-time'>29 Jul, 2019 1:30:53 PM</span>
						<span class='test-status right pass'>pass</span>
					</div>
					<div class='test-content hide'>
<div class='test-time-info'>
	<span class='label start-time'>29 Jul, 2019 1:30:53 PM</span>
	<span class='label end-time'>29 Jul, 2019 1:34:49 PM</span>
	<span class='label time-taken grey lighten-1 white-text'>0h 3m 56s+651ms</span>
</div>
	<div class='test-desc'>After processing macro file user should be able to open Molecular Generic Resulting for BRAF test. </div>
	<div class='test-attributes'>
			<div class='category-list'>
				<span class='category label white-text'>BRAFWorkflow</span>
			</div>
	</div>
	<div class='test-steps'>
		<table class='bordered table-results'>
			<thead>
				<tr>
					<th>Status</th>
					<th>Timestamp</th>
					<th>Details</th>
				</tr>
			</thead>
			<tbody>
				<tr class='log' status='pass'>
					<td class='status pass' title='pass' alt='pass'><i class='material-icons'>check_circle</i></td>
					<td class='timestamp'>1:31:01 PM</td>
					<td class='step-details'><span class='label white-text green'>BRAFResultingActivityTitle Test Case PASSED</span></td>
				</tr>
			</tbody>
		</table>
	</div>
					</div>
				</li>
				
				
				<li class='test displayed active  pass' status='pass' bdd='false' test-id='14'>
					<div class='test-heading'>
						<span class='test-name'>Verify user is able to complete the BRAF Molecular Generic Resulting activity</span>
						<span class='test-time'>29 Jul, 2019 1:31:01 PM</span>
						<span class='test-status right pass'>pass</span>
					</div>
					<div class='test-content hide'>
<div class='test-time-info'>
	<span class='label start-time'>29 Jul, 2019 1:31:01 PM</span>
	<span class='label end-time'>29 Jul, 2019 1:34:49 PM</span>
	<span class='label time-taken grey lighten-1 white-text'>0h 3m 47s+965ms</span>
</div>
	<div class='test-desc'>User should be able to complete the BRAF Molecular Generic Resulting using complete button. </div>
	<div class='test-attributes'>
			<div class='category-list'>
				<span class='category label white-text'>BRAFWorkflow</span>
			</div>
	</div>
	<div class='test-steps'>
		<table class='bordered table-results'>
			<thead>
				<tr>
					<th>Status</th>
					<th>Timestamp</th>
					<th>Details</th>
				</tr>
			</thead>
			<tbody>
				<tr class='log' status='pass'>
					<td class='status pass' title='pass' alt='pass'><i class='material-icons'>check_circle</i></td>
					<td class='timestamp'>1:31:08 PM</td>
					<td class='step-details'><span class='label white-text green'>BRAFResultingUpdateResult Test Case PASSED</span></td>
				</tr>
			</tbody>
		</table>
	</div>
					</div>
				</li>
				
				
				<li class='test displayed active  pass' status='pass' bdd='false' test-id='15'>
					<div class='test-heading'>
						<span class='test-name'>Verify user is able to upload the Sequence image for BRAF</span>
						<span class='test-time'>29 Jul, 2019 1:31:08 PM</span>
						<span class='test-status right pass'>pass</span>
					</div>
					<div class='test-content hide'>
<div class='test-time-info'>
	<span class='label start-time'>29 Jul, 2019 1:31:08 PM</span>
	<span class='label end-time'>29 Jul, 2019 1:34:49 PM</span>
	<span class='label time-taken grey lighten-1 white-text'>0h 3m 40s+713ms</span>
</div>
	<div class='test-desc'>User should be able to upload the BRAF Sequence file from Sequence image section. </div>
	<div class='test-attributes'>
			<div class='category-list'>
				<span class='category label white-text'>MolecularWorkflow</span>
			</div>
	</div>
	<div class='test-steps'>
		<table class='bordered table-results'>
			<thead>
				<tr>
					<th>Status</th>
					<th>Timestamp</th>
					<th>Details</th>
				</tr>
			</thead>
			<tbody>
				<tr class='log' status='pass'>
					<td class='status pass' title='pass' alt='pass'><i class='material-icons'>check_circle</i></td>
					<td class='timestamp'>1:32:01 PM</td>
					<td class='step-details'><span class='label white-text green'>UploadSequenceImagesForBRAF Test Case PASSED</span></td>
				</tr>
			</tbody>
		</table>
	</div>
					</div>
				</li>
				
				
				<li class='test displayed active  pass' status='pass' bdd='false' test-id='16'>
					<div class='test-heading'>
						<span class='test-name'>Verify user is able to open BRAF Sequencing activity</span>
						<span class='test-time'>29 Jul, 2019 1:32:01 PM</span>
						<span class='test-status right pass'>pass</span>
					</div>
					<div class='test-content hide'>
<div class='test-time-info'>
	<span class='label start-time'>29 Jul, 2019 1:32:01 PM</span>
	<span class='label end-time'>29 Jul, 2019 1:34:49 PM</span>
	<span class='label time-taken grey lighten-1 white-text'>0h 2m 47s+957ms</span>
</div>
	<div class='test-desc'>After processing Sequencing file user should be able to open Sequencing activity for BRAF test. </div>
	<div class='test-attributes'>
			<div class='category-list'>
				<span class='category label white-text'>BRAFWorkflow</span>
			</div>
	</div>
	<div class='test-steps'>
		<table class='bordered table-results'>
			<thead>
				<tr>
					<th>Status</th>
					<th>Timestamp</th>
					<th>Details</th>
				</tr>
			</thead>
			<tbody>
				<tr class='log' status='pass'>
					<td class='status pass' title='pass' alt='pass'><i class='material-icons'>check_circle</i></td>
					<td class='timestamp'>1:32:11 PM</td>
					<td class='step-details'><span class='label white-text green'>BRAFSequencingActivityTitle Test Case PASSED</span></td>
				</tr>
			</tbody>
		</table>
	</div>
					</div>
				</li>
				
				
				<li class='test displayed active  pass' status='pass' bdd='false' test-id='17'>
					<div class='test-heading'>
						<span class='test-name'>Verify user is able to complete the BRAF Sequencing activity</span>
						<span class='test-time'>29 Jul, 2019 1:32:11 PM</span>
						<span class='test-status right pass'>pass</span>
					</div>
					<div class='test-content hide'>
<div class='test-time-info'>
	<span class='label start-time'>29 Jul, 2019 1:32:11 PM</span>
	<span class='label end-time'>29 Jul, 2019 1:34:49 PM</span>
	<span class='label time-taken grey lighten-1 white-text'>0h 2m 37s+964ms</span>
</div>
	<div class='test-desc'>User should be able to complete the BRAF Sequencing activity using complete button. </div>
	<div class='test-attributes'>
			<div class='category-list'>
				<span class='category label white-text'>BRAFWorkflow</span>
			</div>
	</div>
	<div class='test-steps'>
		<table class='bordered table-results'>
			<thead>
				<tr>
					<th>Status</th>
					<th>Timestamp</th>
					<th>Details</th>
				</tr>
			</thead>
			<tbody>
				<tr class='log' status='pass'>
					<td class='status pass' title='pass' alt='pass'><i class='material-icons'>check_circle</i></td>
					<td class='timestamp'>1:32:15 PM</td>
					<td class='step-details'><span class='label white-text green'>BRAFSequencingActivityResult Test Case PASSED</span></td>
				</tr>
			</tbody>
		</table>
	</div>
					</div>
				</li>
				
				
				<li class='test displayed active  pass' status='pass' bdd='false' test-id='18'>
					<div class='test-heading'>
						<span class='test-name'>Verify user is able to open BRAF Molecular Professional Interpretation activity</span>
						<span class='test-time'>29 Jul, 2019 1:32:15 PM</span>
						<span class='test-status right pass'>pass</span>
					</div>
					<div class='test-content hide'>
<div class='test-time-info'>
	<span class='label start-time'>29 Jul, 2019 1:32:15 PM</span>
	<span class='label end-time'>29 Jul, 2019 1:34:49 PM</span>
	<span class='label time-taken grey lighten-1 white-text'>0h 2m 33s+831ms</span>
</div>
	<div class='test-desc'>User should be able to open the BRAF Molecular Professional Interpretation activity from My worklist. </div>
	<div class='test-attributes'>
			<div class='category-list'>
				<span class='category label white-text'>BRAFWorkflow</span>
			</div>
	</div>
	<div class='test-steps'>
		<table class='bordered table-results'>
			<thead>
				<tr>
					<th>Status</th>
					<th>Timestamp</th>
					<th>Details</th>
				</tr>
			</thead>
			<tbody>
				<tr class='log' status='pass'>
					<td class='status pass' title='pass' alt='pass'><i class='material-icons'>check_circle</i></td>
					<td class='timestamp'>1:32:23 PM</td>
					<td class='step-details'><span class='label white-text green'>BRAFPIActivityTitle Test Case PASSED</span></td>
				</tr>
			</tbody>
		</table>
	</div>
					</div>
				</li>
				
				
				<li class='test displayed active  pass' status='pass' bdd='false' test-id='19'>
					<div class='test-heading'>
						<span class='test-name'>Verify user is able to complete the BRAF Molecular Professional Interpretation activit</span>
						<span class='test-time'>29 Jul, 2019 1:32:23 PM</span>
						<span class='test-status right pass'>pass</span>
					</div>
					<div class='test-content hide'>
<div class='test-time-info'>
	<span class='label start-time'>29 Jul, 2019 1:32:23 PM</span>
	<span class='label end-time'>29 Jul, 2019 1:34:49 PM</span>
	<span class='label time-taken grey lighten-1 white-text'>0h 2m 26s+302ms</span>
</div>
	<div class='test-desc'>User should be able to complete the BRAF Molecular Professional Interpretation activity using complete button. </div>
	<div class='test-attributes'>
			<div class='category-list'>
				<span class='category label white-text'>BRAFWorkflow</span>
			</div>
	</div>
	<div class='test-steps'>
		<table class='bordered table-results'>
			<thead>
				<tr>
					<th>Status</th>
					<th>Timestamp</th>
					<th>Details</th>
				</tr>
			</thead>
			<tbody>
				<tr class='log' status='pass'>
					<td class='status pass' title='pass' alt='pass'><i class='material-icons'>check_circle</i></td>
					<td class='timestamp'>1:32:29 PM</td>
					<td class='step-details'><span class='label white-text green'>BRAFPIActivityResult Test Case PASSED</span></td>
				</tr>
			</tbody>
		</table>
	</div>
					</div>
				</li>
				
				
				<li class='test displayed active  pass' status='pass' bdd='false' test-id='20'>
					<div class='test-heading'>
						<span class='test-name'>Verify user is able to Signoff the BRAF Test Report from Molecular Review & Approve Worklist</span>
						<span class='test-time'>29 Jul, 2019 1:32:30 PM</span>
						<span class='test-status right pass'>pass</span>
					</div>
					<div class='test-content hide'>
<div class='test-time-info'>
	<span class='label start-time'>29 Jul, 2019 1:32:30 PM</span>
	<span class='label end-time'>29 Jul, 2019 1:34:49 PM</span>
	<span class='label time-taken grey lighten-1 white-text'>0h 2m 19s+587ms</span>
</div>
	<div class='test-desc'>After complete PI activity user should be able to Signoff the BRAF Test Report from Molecular Review & Approve Worklist </div>
	<div class='test-attributes'>
			<div class='category-list'>
				<span class='category label white-text'>BRAFWorkflow</span>
			</div>
	</div>
	<div class='test-steps'>
		<table class='bordered table-results'>
			<thead>
				<tr>
					<th>Status</th>
					<th>Timestamp</th>
					<th>Details</th>
				</tr>
			</thead>
			<tbody>
				<tr class='log' status='pass'>
					<td class='status pass' title='pass' alt='pass'><i class='material-icons'>check_circle</i></td>
					<td class='timestamp'>1:32:48 PM</td>
					<td class='step-details'><span class='label white-text green'>BRAFReportSignoff Test Case PASSED</span></td>
				</tr>
			</tbody>
		</table>
	</div>
					</div>
				</li>
				
				
				<li class='test displayed active  pass' status='pass' bdd='false' test-id='21'>
					<div class='test-heading'>
						<span class='test-name'>Verify user is able to open the Molecular Generic Resulting for KRAS test</span>
						<span class='test-time'>29 Jul, 2019 1:32:48 PM</span>
						<span class='test-status right pass'>pass</span>
					</div>
					<div class='test-content hide'>
<div class='test-time-info'>
	<span class='label start-time'>29 Jul, 2019 1:32:48 PM</span>
	<span class='label end-time'>29 Jul, 2019 1:34:49 PM</span>
	<span class='label time-taken grey lighten-1 white-text'>0h 2m 1s+388ms</span>
</div>
	<div class='test-desc'>After processing macro file user should be able to open Molecular Generic Resulting for KRAS test. </div>
	<div class='test-attributes'>
			<div class='category-list'>
				<span class='category label white-text'>KRASWorkflow</span>
			</div>
	</div>
	<div class='test-steps'>
		<table class='bordered table-results'>
			<thead>
				<tr>
					<th>Status</th>
					<th>Timestamp</th>
					<th>Details</th>
				</tr>
			</thead>
			<tbody>
				<tr class='log' status='pass'>
					<td class='status pass' title='pass' alt='pass'><i class='material-icons'>check_circle</i></td>
					<td class='timestamp'>1:32:55 PM</td>
					<td class='step-details'><span class='label white-text green'>KRASResultingActivityTitle Test Case PASSED</span></td>
				</tr>
			</tbody>
		</table>
	</div>
					</div>
				</li>
				
				
				<li class='test displayed active  pass' status='pass' bdd='false' test-id='22'>
					<div class='test-heading'>
						<span class='test-name'>Verify user is able to complete the KRAS Molecular Generic Resulting activity</span>
						<span class='test-time'>29 Jul, 2019 1:32:55 PM</span>
						<span class='test-status right pass'>pass</span>
					</div>
					<div class='test-content hide'>
<div class='test-time-info'>
	<span class='label start-time'>29 Jul, 2019 1:32:55 PM</span>
	<span class='label end-time'>29 Jul, 2019 1:34:49 PM</span>
	<span class='label time-taken grey lighten-1 white-text'>0h 1m 53s+951ms</span>
</div>
	<div class='test-desc'>User should be able to complete the KRAS Molecular Generic Resulting using complete button. </div>
	<div class='test-attributes'>
			<div class='category-list'>
				<span class='category label white-text'>KRASWorkflow</span>
			</div>
	</div>
	<div class='test-steps'>
		<table class='bordered table-results'>
			<thead>
				<tr>
					<th>Status</th>
					<th>Timestamp</th>
					<th>Details</th>
				</tr>
			</thead>
			<tbody>
				<tr class='log' status='pass'>
					<td class='status pass' title='pass' alt='pass'><i class='material-icons'>check_circle</i></td>
					<td class='timestamp'>1:33:02 PM</td>
					<td class='step-details'><span class='label white-text green'>KRASResultingUpdateResult Test Case PASSED</span></td>
				</tr>
			</tbody>
		</table>
	</div>
					</div>
				</li>
				
				
				<li class='test displayed active  pass' status='pass' bdd='false' test-id='23'>
					<div class='test-heading'>
						<span class='test-name'>Verify user is able to upload the KRAS Sequence image</span>
						<span class='test-time'>29 Jul, 2019 1:33:02 PM</span>
						<span class='test-status right pass'>pass</span>
					</div>
					<div class='test-content hide'>
<div class='test-time-info'>
	<span class='label start-time'>29 Jul, 2019 1:33:02 PM</span>
	<span class='label end-time'>29 Jul, 2019 1:34:49 PM</span>
	<span class='label time-taken grey lighten-1 white-text'>0h 1m 47s+281ms</span>
</div>
	<div class='test-desc'>User should be able to upload the KRAS Sequence file from Sequence image section. </div>
	<div class='test-attributes'>
			<div class='category-list'>
				<span class='category label white-text'>MolecularWorkflow</span>
			</div>
	</div>
	<div class='test-steps'>
		<table class='bordered table-results'>
			<thead>
				<tr>
					<th>Status</th>
					<th>Timestamp</th>
					<th>Details</th>
				</tr>
			</thead>
			<tbody>
				<tr class='log' status='pass'>
					<td class='status pass' title='pass' alt='pass'><i class='material-icons'>check_circle</i></td>
					<td class='timestamp'>1:34:02 PM</td>
					<td class='step-details'><span class='label white-text green'>UploadSequenceImagesForKRAS Test Case PASSED</span></td>
				</tr>
			</tbody>
		</table>
	</div>
					</div>
				</li>
				
				
				<li class='test displayed active  pass' status='pass' bdd='false' test-id='24'>
					<div class='test-heading'>
						<span class='test-name'>Verify user is able to open KRAS Sequencing activity</span>
						<span class='test-time'>29 Jul, 2019 1:34:02 PM</span>
						<span class='test-status right pass'>pass</span>
					</div>
					<div class='test-content hide'>
<div class='test-time-info'>
	<span class='label start-time'>29 Jul, 2019 1:34:02 PM</span>
	<span class='label end-time'>29 Jul, 2019 1:34:49 PM</span>
	<span class='label time-taken grey lighten-1 white-text'>0h 0m 47s+396ms</span>
</div>
	<div class='test-desc'>After processing Sequencing file user should be able to open Sequencing activity for KRAS test. </div>
	<div class='test-attributes'>
			<div class='category-list'>
				<span class='category label white-text'>KRASWorkflow</span>
			</div>
	</div>
	<div class='test-steps'>
		<table class='bordered table-results'>
			<thead>
				<tr>
					<th>Status</th>
					<th>Timestamp</th>
					<th>Details</th>
				</tr>
			</thead>
			<tbody>
				<tr class='log' status='pass'>
					<td class='status pass' title='pass' alt='pass'><i class='material-icons'>check_circle</i></td>
					<td class='timestamp'>1:34:10 PM</td>
					<td class='step-details'><span class='label white-text green'>KRASSequencingActivityTitle Test Case PASSED</span></td>
				</tr>
			</tbody>
		</table>
	</div>
					</div>
				</li>
				
				
				<li class='test displayed active  pass' status='pass' bdd='false' test-id='25'>
					<div class='test-heading'>
						<span class='test-name'>Verify user is able to complete the KRAS Sequencing activity</span>
						<span class='test-time'>29 Jul, 2019 1:34:10 PM</span>
						<span class='test-status right pass'>pass</span>
					</div>
					<div class='test-content hide'>
<div class='test-time-info'>
	<span class='label start-time'>29 Jul, 2019 1:34:10 PM</span>
	<span class='label end-time'>29 Jul, 2019 1:34:49 PM</span>
	<span class='label time-taken grey lighten-1 white-text'>0h 0m 38s+811ms</span>
</div>
	<div class='test-desc'>User should be able to complete the KRAS Sequencing activity using complete button. </div>
	<div class='test-attributes'>
			<div class='category-list'>
				<span class='category label white-text'>KRASWorkflow</span>
			</div>
	</div>
	<div class='test-steps'>
		<table class='bordered table-results'>
			<thead>
				<tr>
					<th>Status</th>
					<th>Timestamp</th>
					<th>Details</th>
				</tr>
			</thead>
			<tbody>
				<tr class='log' status='pass'>
					<td class='status pass' title='pass' alt='pass'><i class='material-icons'>check_circle</i></td>
					<td class='timestamp'>1:34:15 PM</td>
					<td class='step-details'><span class='label white-text green'>KRASSequencingActivityResult Test Case PASSED</span></td>
				</tr>
			</tbody>
		</table>
	</div>
					</div>
				</li>
				
				
				<li class='test displayed active  pass' status='pass' bdd='false' test-id='26'>
					<div class='test-heading'>
						<span class='test-name'>Verify user is able to open KRAS Molecular Professional Interpretation activity</span>
						<span class='test-time'>29 Jul, 2019 1:34:15 PM</span>
						<span class='test-status right pass'>pass</span>
					</div>
					<div class='test-content hide'>
<div class='test-time-info'>
	<span class='label start-time'>29 Jul, 2019 1:34:15 PM</span>
	<span class='label end-time'>29 Jul, 2019 1:34:49 PM</span>
	<span class='label time-taken grey lighten-1 white-text'>0h 0m 34s+442ms</span>
</div>
	<div class='test-desc'>User should be able to open the KRAS Molecular Professional Interpretation activity from My worklist. </div>
	<div class='test-attributes'>
			<div class='category-list'>
				<span class='category label white-text'>KRASWorkflow</span>
			</div>
	</div>
	<div class='test-steps'>
		<table class='bordered table-results'>
			<thead>
				<tr>
					<th>Status</th>
					<th>Timestamp</th>
					<th>Details</th>
				</tr>
			</thead>
			<tbody>
				<tr class='log' status='pass'>
					<td class='status pass' title='pass' alt='pass'><i class='material-icons'>check_circle</i></td>
					<td class='timestamp'>1:34:22 PM</td>
					<td class='step-details'><span class='label white-text green'>KRASPIActivityTitle Test Case PASSED</span></td>
				</tr>
			</tbody>
		</table>
	</div>
					</div>
				</li>
				
				
				<li class='test displayed active  pass' status='pass' bdd='false' test-id='27'>
					<div class='test-heading'>
						<span class='test-name'>Verify user is able to complete the KRAS Molecular Professional Interpretation activit</span>
						<span class='test-time'>29 Jul, 2019 1:34:22 PM</span>
						<span class='test-status right pass'>pass</span>
					</div>
					<div class='test-content hide'>
<div class='test-time-info'>
	<span class='label start-time'>29 Jul, 2019 1:34:22 PM</span>
	<span class='label end-time'>29 Jul, 2019 1:34:49 PM</span>
	<span class='label time-taken grey lighten-1 white-text'>0h 0m 27s+173ms</span>
</div>
	<div class='test-desc'>User should be able to complete the KRAS Molecular Professional Interpretation activity using complete button. </div>
	<div class='test-attributes'>
			<div class='category-list'>
				<span class='category label white-text'>KRASWorkflow</span>
			</div>
	</div>
	<div class='test-steps'>
		<table class='bordered table-results'>
			<thead>
				<tr>
					<th>Status</th>
					<th>Timestamp</th>
					<th>Details</th>
				</tr>
			</thead>
			<tbody>
				<tr class='log' status='pass'>
					<td class='status pass' title='pass' alt='pass'><i class='material-icons'>check_circle</i></td>
					<td class='timestamp'>1:34:28 PM</td>
					<td class='step-details'><span class='label white-text green'>KRASPIActivityResult Test Case PASSED</span></td>
				</tr>
			</tbody>
		</table>
	</div>
					</div>
				</li>
				
				
				<li class='test displayed active  pass' status='pass' bdd='false' test-id='28'>
					<div class='test-heading'>
						<span class='test-name'>Verify user is able to Signoff the KRAS Test Report from Molecular Review & Approve Worklist</span>
						<span class='test-time'>29 Jul, 2019 1:34:28 PM</span>
						<span class='test-status right pass'>pass</span>
					</div>
					<div class='test-content hide'>
<div class='test-time-info'>
	<span class='label start-time'>29 Jul, 2019 1:34:28 PM</span>
	<span class='label end-time'>29 Jul, 2019 1:34:49 PM</span>
	<span class='label time-taken grey lighten-1 white-text'>0h 0m 21s+384ms</span>
</div>
	<div class='test-desc'>After complete PI activity user should be able to Signoff the KRAS Test Report from Molecular Review & Approve Worklist </div>
	<div class='test-attributes'>
			<div class='category-list'>
				<span class='category label white-text'>KRASWorkflow</span>
			</div>
	</div>
	<div class='test-steps'>
		<table class='bordered table-results'>
			<thead>
				<tr>
					<th>Status</th>
					<th>Timestamp</th>
					<th>Details</th>
				</tr>
			</thead>
			<tbody>
				<tr class='log' status='pass'>
					<td class='status pass' title='pass' alt='pass'><i class='material-icons'>check_circle</i></td>
					<td class='timestamp'>1:34:48 PM</td>
					<td class='step-details'><span class='label white-text green'>KRASReportSignoff Test Case PASSED</span></td>
				</tr>
			</tbody>
		</table>
	</div>
					</div>
				</li>
			</ul>
		</div>
	</div>
	<!-- subview left -->

	<div class='subview-right left'>
		<div class='view-summary'>
			<h5 class='test-name'></h5>

			<div id='step-filters' class="right">
				<span class="blue-text" status="info" alt="info" title="info"><i class="material-icons">info_outline</i></span>
				<span class="green-text" status="pass" alt="pass" title="pass"><i class="material-icons">check_circle</i></span>
				<span class="red-text" status="fail" alt="fail" title="fail"><i class="material-icons">cancel</i></span>
				<span class="red-text text-darken-4" status="fatal" alt="fatal" title="fatal"><i class="material-icons">cancel</i></span>
				<span class="pink-text text-lighten-1" status="error" alt="error" title="error"><i class="material-icons">error</i></span>
				<span class="orange-text" alt="warning" status="warning" title="warning"><i class="material-icons">warning</i></span>
				<span class="teal-text" status="skip" alt="skip" title="skip"><i class="material-icons">redo</i></span>
				<span status="clear" alt="Clear filters" title="Clear filters"><i class="material-icons">clear</i></span>
			</div>
		</div>
	</div>
	<!-- subview right -->

</div>
<!-- test view --><div id='category-view' class='view hide'>

	<section id='controls'>
		<div class='controls grey lighten-4'>
			<!-- search -->
			<div class='chip transparent' alt='Search Tests' title='Search Tests'>
				<a href="#" class='search-div'>
					<i class='material-icons'>search</i> Search
				</a>
				
				<div class='input-field left hide'>
					<input id='search-tests' type='text' class='validate browser-default' placeholder='Search Tests...'>
				</div>
				
			</div>
			<!-- search -->
		</div>
	</section>

	<div class='subview-left left'>
		
		<div class='view-summary'>
			<h5>Categories</h5>
			<ul id='category-collection' class='category-collection'>
				
				<li class='category displayed active'>
					<div class='category-heading'>
						<span class='category-name'>Login</span>
						<span class='category-status right'>
							<span class='label pass'>1</span>
						</span>
					</div>
					<div class='category-content hide'>
						<div class='category-status-counts'>
							<span class='label green accent-4 white-text'>Passed: 1</span>
							
							
						</div>
					
						<div class='category-tests'>
							<table class='bordered table-results'>
								<thead>
									<tr>
										<th>Timestamp</th>
										<th>TestName</th>
										<th>Status</th>
									</tr>
								</thead>
								<tbody>
									<tr>
										<td>29 Jul, 2019 1:27:30 PM</td>
										<td class='linked' test-id='1'>Verify user is able to login in LIMS portal</td>
										<td><span class='test-status pass'>pass</span></td>
									</tr>
								</tbody>
							</table>
						</div>
					</div>
				</li>
				<li class='category displayed active'>
					<div class='category-heading'>
						<span class='category-name'>Dashboard</span>
						<span class='category-status right'>
							<span class='label pass'>1</span>
						</span>
					</div>
					<div class='category-content hide'>
						<div class='category-status-counts'>
							<span class='label green accent-4 white-text'>Passed: 1</span>
							
							
						</div>
					
						<div class='category-tests'>
							<table class='bordered table-results'>
								<thead>
									<tr>
										<th>Timestamp</th>
										<th>TestName</th>
										<th>Status</th>
									</tr>
								</thead>
								<tbody>
									<tr>
										<td>29 Jul, 2019 1:27:41 PM</td>
										<td class='linked' test-id='2'>Verify the total link count on dashboard</td>
										<td><span class='test-status pass'>pass</span></td>
									</tr>
								</tbody>
							</table>
						</div>
					</div>
				</li>
				<li class='category displayed active'>
					<div class='category-heading'>
						<span class='category-name'>NewAccession</span>
						<span class='category-status right'>
							<span class='label fail'>1</span>
						</span>
					</div>
					<div class='category-content hide'>
						<div class='category-status-counts'>
							
							<span class='label red lighten-1 white-text'>Failed: 1</span>
							
						</div>
					
						<div class='category-tests'>
							<table class='bordered table-results'>
								<thead>
									<tr>
										<th>Timestamp</th>
										<th>TestName</th>
										<th>Status</th>
									</tr>
								</thead>
								<tbody>
									<tr>
										<td>29 Jul, 2019 1:27:41 PM</td>
										<td class='linked' test-id='3'>Verify user is able to create a new accession for CTC-FISH</td>
										<td><span class='test-status fail'>fail</span></td>
									</tr>
								</tbody>
							</table>
						</div>
					</div>
				</li>
				<li class='category displayed active'>
					<div class='category-heading'>
						<span class='category-name'>MolecularWorkflow</span>
						<span class='category-status right'>
							<span class='label pass'>4</span>
						</span>
					</div>
					<div class='category-content hide'>
						<div class='category-status-counts'>
							<span class='label green accent-4 white-text'>Passed: 4</span>
							
							
						</div>
					
						<div class='category-tests'>
							<table class='bordered table-results'>
								<thead>
									<tr>
										<th>Timestamp</th>
										<th>TestName</th>
										<th>Status</th>
									</tr>
								</thead>
								<tbody>
									<tr>
										<td>29 Jul, 2019 1:28:02 PM</td>
										<td class='linked' test-id='4'>Verify user is able to create a new accession for Molecular Test</td>
										<td><span class='test-status pass'>pass</span></td>
									</tr>
									<tr>
										<td>29 Jul, 2019 1:29:07 PM</td>
										<td class='linked' test-id='5'>Verify user is able to open the upload Macro File page</td>
										<td><span class='test-status pass'>pass</span></td>
									</tr>
									<tr>
										<td>29 Jul, 2019 1:31:08 PM</td>
										<td class='linked' test-id='15'>Verify user is able to upload the Sequence image for BRAF</td>
										<td><span class='test-status pass'>pass</span></td>
									</tr>
									<tr>
										<td>29 Jul, 2019 1:33:02 PM</td>
										<td class='linked' test-id='23'>Verify user is able to upload the KRAS Sequence image</td>
										<td><span class='test-status pass'>pass</span></td>
									</tr>
								</tbody>
							</table>
						</div>
					</div>
				</li>
				<li class='category displayed active'>
					<div class='category-heading'>
						<span class='category-name'>NGSWorkflow</span>
						<span class='category-status right'>
							<span class='label pass'>2</span>
						</span>
					</div>
					<div class='category-content hide'>
						<div class='category-status-counts'>
							<span class='label green accent-4 white-text'>Passed: 2</span>
							
							
						</div>
					
						<div class='category-tests'>
							<table class='bordered table-results'>
								<thead>
									<tr>
										<th>Timestamp</th>
										<th>TestName</th>
										<th>Status</th>
									</tr>
								</thead>
								<tbody>
									<tr>
										<td>29 Jul, 2019 1:29:11 PM</td>
										<td class='linked' test-id='6'>Verify user is able to open the NGS Professional Interpretation Activity</td>
										<td><span class='test-status pass'>pass</span></td>
									</tr>
									<tr>
										<td>29 Jul, 2019 1:29:19 PM</td>
										<td class='linked' test-id='7'>Verify user is able to upload the pdf file.</td>
										<td><span class='test-status pass'>pass</span></td>
									</tr>
								</tbody>
							</table>
						</div>
					</div>
				</li>
				<li class='category displayed active'>
					<div class='category-heading'>
						<span class='category-name'>NRASWorkflow</span>
						<span class='category-status right'>
							<span class='label pass'>5</span>
						</span>
					</div>
					<div class='category-content hide'>
						<div class='category-status-counts'>
							<span class='label green accent-4 white-text'>Passed: 5</span>
							
							
						</div>
					
						<div class='category-tests'>
							<table class='bordered table-results'>
								<thead>
									<tr>
										<th>Timestamp</th>
										<th>TestName</th>
										<th>Status</th>
									</tr>
								</thead>
								<tbody>
									<tr>
										<td>29 Jul, 2019 1:29:39 PM</td>
										<td class='linked' test-id='8'>Verify user is able to open the NRAS Molecular Generic Resulting Activity</td>
										<td><span class='test-status pass'>pass</span></td>
									</tr>
									<tr>
										<td>29 Jul, 2019 1:30:16 PM</td>
										<td class='linked' test-id='9'>Verify user is able to complete the NRAS Molecular Generic Resulting activity</td>
										<td><span class='test-status pass'>pass</span></td>
									</tr>
									<tr>
										<td>29 Jul, 2019 1:30:21 PM</td>
										<td class='linked' test-id='10'>Verify user is able to open NRAS Molecular Professional Interpretation activity</td>
										<td><span class='test-status pass'>pass</span></td>
									</tr>
									<tr>
										<td>29 Jul, 2019 1:30:29 PM</td>
										<td class='linked' test-id='11'>Verify user is able to complete the NRAS Molecular Professional Interpretation activit</td>
										<td><span class='test-status pass'>pass</span></td>
									</tr>
									<tr>
										<td>29 Jul, 2019 1:30:36 PM</td>
										<td class='linked' test-id='12'>Verify user is able to Signoff the NRAS Test Report from Molecular Review & Approve Worklist</td>
										<td><span class='test-status pass'>pass</span></td>
									</tr>
								</tbody>
							</table>
						</div>
					</div>
				</li>
				<li class='category displayed active'>
					<div class='category-heading'>
						<span class='category-name'>BRAFWorkflow</span>
						<span class='category-status right'>
							<span class='label pass'>7</span>
						</span>
					</div>
					<div class='category-content hide'>
						<div class='category-status-counts'>
							<span class='label green accent-4 white-text'>Passed: 7</span>
							
							
						</div>
					
						<div class='category-tests'>
							<table class='bordered table-results'>
								<thead>
									<tr>
										<th>Timestamp</th>
										<th>TestName</th>
										<th>Status</th>
									</tr>
								</thead>
								<tbody>
									<tr>
										<td>29 Jul, 2019 1:30:53 PM</td>
										<td class='linked' test-id='13'>Verify user is able to open the BRAF Molecular Generic Resulting Activity</td>
										<td><span class='test-status pass'>pass</span></td>
									</tr>
									<tr>
										<td>29 Jul, 2019 1:31:01 PM</td>
										<td class='linked' test-id='14'>Verify user is able to complete the BRAF Molecular Generic Resulting activity</td>
										<td><span class='test-status pass'>pass</span></td>
									</tr>
									<tr>
										<td>29 Jul, 2019 1:32:01 PM</td>
										<td class='linked' test-id='16'>Verify user is able to open BRAF Sequencing activity</td>
										<td><span class='test-status pass'>pass</span></td>
									</tr>
									<tr>
										<td>29 Jul, 2019 1:32:11 PM</td>
										<td class='linked' test-id='17'>Verify user is able to complete the BRAF Sequencing activity</td>
										<td><span class='test-status pass'>pass</span></td>
									</tr>
									<tr>
										<td>29 Jul, 2019 1:32:15 PM</td>
										<td class='linked' test-id='18'>Verify user is able to open BRAF Molecular Professional Interpretation activity</td>
										<td><span class='test-status pass'>pass</span></td>
									</tr>
									<tr>
										<td>29 Jul, 2019 1:32:23 PM</td>
										<td class='linked' test-id='19'>Verify user is able to complete the BRAF Molecular Professional Interpretation activit</td>
										<td><span class='test-status pass'>pass</span></td>
									</tr>
									<tr>
										<td>29 Jul, 2019 1:32:30 PM</td>
										<td class='linked' test-id='20'>Verify user is able to Signoff the BRAF Test Report from Molecular Review & Approve Worklist</td>
										<td><span class='test-status pass'>pass</span></td>
									</tr>
								</tbody>
							</table>
						</div>
					</div>
				</li>
				<li class='category displayed active'>
					<div class='category-heading'>
						<span class='category-name'>KRASWorkflow</span>
						<span class='category-status right'>
							<span class='label pass'>7</span>
						</span>
					</div>
					<div class='category-content hide'>
						<div class='category-status-counts'>
							<span class='label green accent-4 white-text'>Passed: 7</span>
							
							
						</div>
					
						<div class='category-tests'>
							<table class='bordered table-results'>
								<thead>
									<tr>
										<th>Timestamp</th>
										<th>TestName</th>
										<th>Status</th>
									</tr>
								</thead>
								<tbody>
									<tr>
										<td>29 Jul, 2019 1:32:48 PM</td>
										<td class='linked' test-id='21'>Verify user is able to open the Molecular Generic Resulting for KRAS test</td>
										<td><span class='test-status pass'>pass</span></td>
									</tr>
									<tr>
										<td>29 Jul, 2019 1:32:55 PM</td>
										<td class='linked' test-id='22'>Verify user is able to complete the KRAS Molecular Generic Resulting activity</td>
										<td><span class='test-status pass'>pass</span></td>
									</tr>
									<tr>
										<td>29 Jul, 2019 1:34:02 PM</td>
										<td class='linked' test-id='24'>Verify user is able to open KRAS Sequencing activity</td>
										<td><span class='test-status pass'>pass</span></td>
									</tr>
									<tr>
										<td>29 Jul, 2019 1:34:10 PM</td>
										<td class='linked' test-id='25'>Verify user is able to complete the KRAS Sequencing activity</td>
										<td><span class='test-status pass'>pass</span></td>
									</tr>
									<tr>
										<td>29 Jul, 2019 1:34:15 PM</td>
										<td class='linked' test-id='26'>Verify user is able to open KRAS Molecular Professional Interpretation activity</td>
										<td><span class='test-status pass'>pass</span></td>
									</tr>
									<tr>
										<td>29 Jul, 2019 1:34:22 PM</td>
										<td class='linked' test-id='27'>Verify user is able to complete the KRAS Molecular Professional Interpretation activit</td>
										<td><span class='test-status pass'>pass</span></td>
									</tr>
									<tr>
										<td>29 Jul, 2019 1:34:28 PM</td>
										<td class='linked' test-id='28'>Verify user is able to Signoff the KRAS Test Report from Molecular Review & Approve Worklist</td>
										<td><span class='test-status pass'>pass</span></td>
									</tr>
								</tbody>
							</table>
						</div>
					</div>
				</li>

			</ul>
		</div>
	</div>

	<div class='subview-right left'>
		<div class='view-summary'>
			<h5 class='category-name'></h5>
		</div>
	</div>
</div>
<!-- category view --><div id='exception-view' class='view hide'>
	
	<section id='controls'>
		<div class='controls grey lighten-4'>
			<!-- search -->
			<div class='chip transparent' alt='Search Tests' title='Search Tests'>
				<a href="#" class='search-div'>
					<i class='material-icons'>search</i> Search
				</a>
				
				<div class='input-field left hide'>
					<input id='search-tests' type='text' class='validate browser-default' placeholder='Search Tests...'>
				</div>
				
			</div>
			<!-- search -->
		</div>
	</section>

	<div class='subview-left left'>
		
		<div class='view-summary'>
			<h5>Exceptions</h5>
			<ul id='exception-collection' class='exception-collection'>
				
				<li class='exception displayed active'>
					<div class='exception-heading'>
						<span class='exception-name'>org.openqa.selenium.ElementNotInteractableException</span>
						<span class='exception-count right'><span class='label red lighten-1 white-text'>1</span></span>
					</div>
					<div class='exception-content hide'>	
						<div class='exception-tests'>
							<table class='bordered table-results'>
								<thead>
									<tr>
										<th>Timestamp</th>
										<th>TestName</th>
										<th>Status</th>
									</tr>
								</thead>
								<tbody>
									<tr>
										<td>29 Jul, 2019 1:27:41 PM</td>
										<td class='linked' test-id='3'>Verify user is able to create a new accession for CTC-FISH</td>
										<td><pre>org.openqa.selenium.ElementNotInteractableException: element not interactable
  (Session info: chrome=75.0.3770.142)
  (Driver info: chromedriver=74.0.3729.6 (255758eccf3d244491b8a1317aa76e1ce10d57e9-refs/branch-heads/3729@{#29}),platform=Windows NT 10.0.16299 x86_64) (WARNING: The server did not provide any stacktrace information)
Command duration or timeout: 0 milliseconds
Build info: version: '3.141.59', revision: 'e82be7d358', time: '2018-11-14T08:25:48'
System info: host: 'ANMOLSINGH', ip: '10.60.1.128', os.name: 'Windows 10', os.arch: 'amd64', os.version: '10.0', java.version: '1.8.0_161'
Driver info: org.openqa.selenium.chrome.ChromeDriver
Capabilities {acceptInsecureCerts: false, acceptSslCerts: false, applicationCacheEnabled: false, browserConnectionEnabled: false, browserName: chrome, chrome: {chromedriverVersion: 74.0.3729.6 (255758eccf3d24..., userDataDir: C:\Users\ANMOL~1.SIN\AppDat...}, cssSelectorsEnabled: true, databaseEnabled: false, goog:chromeOptions: {debuggerAddress: localhost:52948}, handlesAlerts: true, hasTouchScreen: false, javascriptEnabled: true, locationContextEnabled: true, mobileEmulationEnabled: false, nativeEvents: true, networkConnectionEnabled: false, pageLoadStrategy: normal, platform: XP, platformName: XP, proxy: Proxy(), rotatable: false, setWindowRect: true, strictFileInteractability: false, takesHeapSnapshot: true, takesScreenshot: true, timeouts: {implicit: 0, pageLoad: 300000, script: 30000}, unexpectedAlertBehaviour: ignore, unhandledPromptBehavior: ignore, version: 75.0.3770.142, webStorageEnabled: true}
Session ID: 9fac6948daf907aa2e7fec51006cc3e8
	at sun.reflect.NativeConstructorAccessorImpl.newInstance0(Native Method)
	at sun.reflect.NativeConstructorAccessorImpl.newInstance(NativeConstructorAccessorImpl.java:62)
	at sun.reflect.DelegatingConstructorAccessorImpl.newInstance(DelegatingConstructorAccessorImpl.java:45)
	at java.lang.reflect.Constructor.newInstance(Constructor.java:423)
	at org.openqa.selenium.remote.ErrorHandler.createThrowable(ErrorHandler.java:214)
	at org.openqa.selenium.remote.ErrorHandler.throwIfResponseFailed(ErrorHandler.java:166)
	at org.openqa.selenium.remote.http.JsonHttpResponseCodec.reconstructValue(JsonHttpResponseCodec.java:40)
	at org.openqa.selenium.remote.http.AbstractHttpResponseCodec.decode(AbstractHttpResponseCodec.java:80)
	at org.openqa.selenium.remote.http.AbstractHttpResponseCodec.decode(AbstractHttpResponseCodec.java:44)
	at org.openqa.selenium.remote.HttpCommandExecutor.execute(HttpCommandExecutor.java:158)
	at org.openqa.selenium.remote.service.DriverCommandExecutor.execute(DriverCommandExecutor.java:83)
	at org.openqa.selenium.remote.RemoteWebDriver.execute(RemoteWebDriver.java:552)
	at org.openqa.selenium.remote.RemoteWebElement.execute(RemoteWebElement.java:285)
	at org.openqa.selenium.remote.RemoteWebElement.sendKeys(RemoteWebElement.java:106)
	at sun.reflect.NativeMethodAccessorImpl.invoke0(Native Method)
	at sun.reflect.NativeMethodAccessorImpl.invoke(NativeMethodAccessorImpl.java:62)
	at sun.reflect.DelegatingMethodAccessorImpl.invoke(DelegatingMethodAccessorImpl.java:43)
	at java.lang.reflect.Method.invoke(Method.java:498)
	at org.openqa.selenium.support.pagefactory.internal.LocatingElementHandler.invoke(LocatingElementHandler.java:51)
	at com.sun.proxy.$Proxy13.sendKeys(Unknown Source)
	at biocept.qa.pages.Accession.addLabClientPhysicianInfor(Accession.java:177)
	at biocept.qa.testcases.CTC_FISHWorklow.PlaceNewOrder(CTC_FISHWorklow.java:129)
	at sun.reflect.NativeMethodAccessorImpl.invoke0(Native Method)
	at sun.reflect.NativeMethodAccessorImpl.invoke(NativeMethodAccessorImpl.java:62)
	at sun.reflect.DelegatingMethodAccessorImpl.invoke(DelegatingMethodAccessorImpl.java:43)
	at java.lang.reflect.Method.invoke(Method.java:498)
	at org.testng.internal.MethodInvocationHelper.invokeMethod(MethodInvocationHelper.java:85)
	at org.testng.internal.Invoker.invokeMethod(Invoker.java:639)
	at org.testng.internal.Invoker.invokeTestMethod(Invoker.java:816)
	at org.testng.internal.Invoker.invokeTestMethods(Invoker.java:1124)
	at org.testng.internal.TestMethodWorker.invokeTestMethods(TestMethodWorker.java:125)
	at org.testng.internal.TestMethodWorker.run(TestMethodWorker.java:108)
	at org.testng.TestRunner.privateRun(TestRunner.java:774)
	at org.testng.TestRunner.run(TestRunner.java:624)
	at org.testng.SuiteRunner.runTest(SuiteRunner.java:359)
	at org.testng.SuiteRunner.runSequentially(SuiteRunner.java:354)
	at org.testng.SuiteRunner.privateRun(SuiteRunner.java:312)
	at org.testng.SuiteRunner.run(SuiteRunner.java:261)
	at org.testng.SuiteRunnerWorker.runSuite(SuiteRunnerWorker.java:52)
	at org.testng.SuiteRunnerWorker.run(SuiteRunnerWorker.java:86)
	at org.testng.TestNG.runSuitesSequentially(TestNG.java:1191)
	at org.testng.TestNG.runSuitesLocally(TestNG.java:1116)
	at org.testng.TestNG.run(TestNG.java:1024)
	at org.testng.remote.AbstractRemoteTestNG.run(AbstractRemoteTestNG.java:126)
	at org.testng.remote.RemoteTestNG.initAndRun(RemoteTestNG.java:137)
	at org.testng.remote.RemoteTestNG.main(RemoteTestNG.java:58)
</pre></td>
									</tr>
								</tbody>
							</table>
						</div>
					</div>
				</li>
			</ul>
		</div>
	</div>

	<div class='subview-right left'>
		<div class='view-summary'>
			<h5 class='exception-name'></h5>
		</div>
	</div>
</div>
<!-- exception view --><div id='dashboard-view' class='view hide'>
	<div class='card-panel transparent np-v'>
		<h5>Dashboard</h5>

		<div class='row'>
			<div class='col s2'>
				<div class='card-panel r'>
					Tests
					<div class='panel-lead'>28</div>
				</div>
			</div>
			<div class='col s2'>
				<div class='card-panel r'>
					Steps
					<div class='panel-lead'>30</div>
				</div>
			</div>
			<div class='col s2'>
				<div class='card-panel r'>
					Start
					<div class='panel-lead'>29 Jul, 2019 1:27:25 PM</div>
				</div>
			</div>
			<div class='col s2'>
				<div class='card-panel r'>
			 		End
			 		<div class='panel-lead'>29 Jul, 2019 1:34:49 PM</div>
				</div>
			</div>
			<div class='col s2'>
				<div class='card-panel r'>
					Time Taken
					<div class='panel-lead'>443,723ms</div>
				</div>
			</div>
			<div class='col s4'>
				<div class='card-panel'>
					<span class='right label cyan white-text'>Environment</span><p>&nbsp;</p>
					
					<table>
						<tr>
							<th>Name</th>
							<th>Value</th>
						</tr>
						<tr>
							<td>User Name</td>
							<td>anmol.singh</td>
						</tr>
						<tr>
							<td>OS</td>
							<td>Windows 10</td>
						</tr>
						<tr>
							<td>Java Version</td>
							<td>1.8.0_161</td>
						</tr>
						<tr>
							<td>Host Name</td>
							<td>Anmolsingh</td>
						</tr>
						<tr>
							<td>Project Name</td>
							<td>Biocept</td>
						</tr>
						<tr>
							<td>Environment</td>
							<td>Hotfix</td>
						</tr>
						<tr>
							<td>Operating Systems</td>
							<td>Window 10</td>
						</tr>
						<tr>
							<td>User Name</td>
							<td>Amarendra Singh</td>
						</tr>
					</table>
				</div>
			</div>
			<div class='col s4'>
				<div class='card-panel'>
					<span class='right label cyan white-text'>Categories</span><p>&nbsp;</p>
					
					<table>
						<tr>
							<th>Name</th>
							<th>Passed</th>
							<th>Failed</th>
							<th>Others</th>
						</tr>
						<tr>
							<td>Login</td>
							<td>1</td>
							<td>0</td>
							<td>0</td>
						</tr>
						<tr>
							<td>Dashboard</td>
							<td>1</td>
							<td>0</td>
							<td>0</td>
						</tr>
						<tr>
							<td>NewAccession</td>
							<td>0</td>
							<td>1</td>
							<td>0</td>
						</tr>
						<tr>
							<td>MolecularWorkflow</td>
							<td>4</td>
							<td>0</td>
							<td>0</td>
						</tr>
						<tr>
							<td>NGSWorkflow</td>
							<td>2</td>
							<td>0</td>
							<td>0</td>
						</tr>
						<tr>
							<td>NRASWorkflow</td>
							<td>5</td>
							<td>0</td>
							<td>0</td>
						</tr>
						<tr>
							<td>BRAFWorkflow</td>
							<td>7</td>
							<td>0</td>
							<td>0</td>
						</tr>
						<tr>
							<td>KRASWorkflow</td>
							<td>7</td>
							<td>0</td>
							<td>0</td>
						</tr>
					</table>
				</div>
			</div>
		</div>
	</div>
</div>
<!-- dashboard view --><!-- testrunner-logs view -->
		</div>
		<!-- container -->

		<script>
			var statusGroup = {
				passParent: 27,
				failParent: 1,
				fatalParent: 0,
				errorParent: 0,
				warningParent: 0,
				skipParent: 0,
				unknownParent: 0,
				
				passChild: 27,
				failChild: 3,
				fatalChild: 0,
				errorChild: 0,
				warningChild: 0,
				skipChild: 0,
				unknownChild: 0,
				infoChild: 0,
				
				passGrandChild: 0,
				failGrandChild: 0,
				fatalGrandChild: 0,
				errorGrandChild: 0,
				warningGrandChild: 0,
				skipGrandChild: 0,
				unknownGrandChild: 0,
				infoGrandChild: 0
			};
		</script>

		<script src='https://cdn.rawgit.com/anshooarora/extentreports-java/master/dist/js/extent.js' type='text/javascript'></script>
		
		
	</body>
	
</html>
